0 info it worked if it ends with ok
1 verbose cli [ '/usr/bin/node', '/usr/bin/npm', 'install', 'zmq' ]
2 info using npm@1.2.18
3 info using node@v0.10.5
4 verbose node symlink /usr/bin/node
5 verbose read json /home/nate/package.json
6 verbose read json /home/nate/node_modules/base58/package.json
7 verbose read json /home/nate/node_modules/bignum/package.json
8 verbose read json /home/nate/node_modules/bitcoin/package.json
9 verbose read json /home/nate/node_modules/buffertools/package.json
10 verbose read json /home/nate/node_modules/endian-toggle/package.json
11 verbose read json /home/nate/node_modules/jsonparse/package.json
12 verbose read json /home/nate/node_modules/jsonrpc-client/package.json
13 verbose read json /home/nate/node_modules/jsonrpc2/package.json
14 verbose read json /home/nate/node_modules/kapitalize/package.json
15 verbose read json /home/nate/node_modules/msgpack/package.json
16 verbose read json /home/nate/node_modules/multitransport-jsonrpc/package.json
17 verbose read json /home/nate/package.json
18 verbose cache add [ 'zmq', null ]
19 verbose cache add name=undefined spec="zmq" args=["zmq",null]
20 verbose parsed url { protocol: null,
20 verbose parsed url   slashes: null,
20 verbose parsed url   auth: null,
20 verbose parsed url   host: null,
20 verbose parsed url   port: null,
20 verbose parsed url   hostname: null,
20 verbose parsed url   hash: null,
20 verbose parsed url   search: null,
20 verbose parsed url   query: null,
20 verbose parsed url   pathname: 'zmq',
20 verbose parsed url   path: 'zmq',
20 verbose parsed url   href: 'zmq' }
21 silly lockFile 87107de2-zmq zmq
22 verbose lock zmq /home/nate/.npm/87107de2-zmq.lock
23 silly lockFile 87107de2-zmq zmq
24 silly lockFile 87107de2-zmq zmq
25 verbose addNamed [ 'zmq', '' ]
26 verbose addNamed [ null, '' ]
27 silly lockFile 6227fbd7-zmq zmq@
28 verbose lock zmq@ /home/nate/.npm/6227fbd7-zmq.lock
29 silly addNameRange { name: 'zmq', range: '', hasData: false }
30 verbose url raw zmq
31 verbose url resolving [ 'https://registry.npmjs.org/', './zmq' ]
32 verbose url resolved https://registry.npmjs.org/zmq
33 info trying registry request attempt 1 at 22:40:45
34 http GET https://registry.npmjs.org/zmq
35 http 200 https://registry.npmjs.org/zmq
36 silly registry.get cb [ 200,
36 silly registry.get   { vary: 'Accept',
36 silly registry.get     server: 'CouchDB/1.3.0 (Erlang OTP/R15B03)',
36 silly registry.get     etag: '"8PIF4NGU6SC3TRDCEAE2HCZTQ"',
36 silly registry.get     date: 'Sat, 27 Apr 2013 14:41:07 GMT',
36 silly registry.get     'content-type': 'application/json',
36 silly registry.get     'content-length': '30139' } ]
37 silly addNameRange number 2 { name: 'zmq', range: '', hasData: true }
38 silly addNameRange versions [ 'zmq',
38 silly addNameRange   [ '1.0.0',
38 silly addNameRange     '1.0.1',
38 silly addNameRange     '1.0.2',
38 silly addNameRange     '1.0.3',
38 silly addNameRange     '1.0.4',
38 silly addNameRange     '2.0.0',
38 silly addNameRange     '2.0.1',
38 silly addNameRange     '2.0.2',
38 silly addNameRange     '2.0.3',
38 silly addNameRange     '2.1.0',
38 silly addNameRange     '2.2.0',
38 silly addNameRange     '2.3.0',
38 silly addNameRange     '2.4.0' ] ]
39 verbose addNamed [ 'zmq', '2.4.0' ]
40 verbose addNamed [ '2.4.0', '2.4.0' ]
41 silly lockFile ec109f17-zmq-2-4-0 zmq@2.4.0
42 verbose lock zmq@2.4.0 /home/nate/.npm/ec109f17-zmq-2-4-0.lock
43 silly lockFile 82481ec6-stry-npmjs-org-zmq-zmq-2-4-0-tgz https://registry.npmjs.org/zmq/-/zmq-2.4.0.tgz
44 verbose lock https://registry.npmjs.org/zmq/-/zmq-2.4.0.tgz /home/nate/.npm/82481ec6-stry-npmjs-org-zmq-zmq-2-4-0-tgz.lock
45 verbose addRemoteTarball [ 'https://registry.npmjs.org/zmq/-/zmq-2.4.0.tgz',
45 verbose addRemoteTarball   'fdb4814bd3623d70e5af04a96227c63d23034e58' ]
46 info retry fetch attempt 1 at 22:41:07
47 verbose fetch to= /home/nate/tmp/npm-11496/1367073667384-0.1860429288353771/tmp.tgz
48 http GET https://registry.npmjs.org/zmq/-/zmq-2.4.0.tgz
49 http 200 https://registry.npmjs.org/zmq/-/zmq-2.4.0.tgz
50 silly shasum updated bytes 65536
51 silly shasum updated bytes 65536
52 silly shasum updated bytes 65536
53 silly shasum updated bytes 65536
54 silly shasum updated bytes 65536
55 silly shasum updated bytes 52463
56 info shasum fdb4814bd3623d70e5af04a96227c63d23034e58
56 info shasum /home/nate/tmp/npm-11496/1367073667384-0.1860429288353771/tmp.tgz
57 verbose tar unpack /home/nate/tmp/npm-11496/1367073667384-0.1860429288353771/tmp.tgz
58 silly lockFile d86a783b-67384-0-1860429288353771-package /home/nate/tmp/npm-11496/1367073667384-0.1860429288353771/package
59 verbose lock /home/nate/tmp/npm-11496/1367073667384-0.1860429288353771/package /home/nate/.npm/d86a783b-67384-0-1860429288353771-package.lock
60 silly lockFile 84c2a031-67384-0-1860429288353771-tmp-tgz /home/nate/tmp/npm-11496/1367073667384-0.1860429288353771/tmp.tgz
61 verbose lock /home/nate/tmp/npm-11496/1367073667384-0.1860429288353771/tmp.tgz /home/nate/.npm/84c2a031-67384-0-1860429288353771-tmp-tgz.lock
62 silly gunzTarPerm modes [ '755', '644' ]
63 silly gunzTarPerm extractEntry package.json
64 silly gunzTarPerm extractEntry .npmignore
65 silly gunzTarPerm extractEntry README.md
66 silly gunzTarPerm extractEntry LICENSE
67 silly gunzTarPerm extractEntry index.js
68 silly gunzTarPerm extractEntry docs/menu.js
69 silly gunzTarPerm extractEntry docs/highlight.js
70 silly gunzTarPerm extractEntry docs/template.jade
71 silly gunzTarPerm extractEntry docs/style.css
72 silly gunzTarPerm extractEntry docs/index.json
73 silly gunzTarPerm extractEntry docs/index.html
74 silly gunzTarPerm extractEntry lib/index.js
75 silly gunzTarPerm extractEntry binding.cc
76 silly gunzTarPerm extractEntry windows/lib/x86/libzmq-v100-mt-3_2_2.lib
77 silly gunzTarPerm extractEntry windows/lib/x86/libzmq-v100-mt-3_2_2.dll
78 silly gunzTarPerm extractEntry windows/lib/x64/libzmq-v100-mt-3_2_2.lib
79 silly gunzTarPerm extractEntry windows/lib/x64/libzmq-v100-mt-3_2_2.dll
80 silly gunzTarPerm extractEntry windows/include/zmq_utils.h
81 silly gunzTarPerm extractEntry windows/include/zmq.h
82 silly gunzTarPerm extractEntry perf/remote_thr.js
83 silly gunzTarPerm extractEntry perf/local_lat.js
84 silly gunzTarPerm extractEntry perf/remote_lat.js
85 silly gunzTarPerm extractEntry perf/local_thr.js
86 silly gunzTarPerm extractEntry Makefile
87 silly gunzTarPerm extractEntry binding.gyp
88 silly gunzTarPerm extractEntry examples/dealer_router.js
89 silly gunzTarPerm extractEntry examples/router_dealer.js
90 silly gunzTarPerm extractEntry examples/rep_req.js
91 silly gunzTarPerm extractEntry examples/rpc.js
92 silly gunzTarPerm extractEntry examples/push_pull.js
93 silly gunzTarPerm extractEntry examples/pub_sub.js
94 silly gunzTarPerm extractEntry examples/req_rep.js
95 silly gunzTarPerm extractEntry examples/workers/worker.js
96 silly gunzTarPerm extractEntry examples/workers/producer.js
97 silly gunzTarPerm extractEntry examples/devices/forwarder.js
98 silly gunzTarPerm extractEntry examples/devices/streamer.js
99 silly gunzTarPerm extractEntry examples/devices/queue.js
100 silly gunzTarPerm extractEntry .travis.yml
101 silly gunzTarPerm extractEntry History.md
102 silly gunzTarPerm extractEntry test/run.js
103 silly gunzTarPerm extractEntry test/test.socket.multipart.sndmore.js
104 silly gunzTarPerm extractEntry test/test.socket.events.js
105 silly gunzTarPerm extractEntry test/test.socket.messages.js
106 silly gunzTarPerm extractEntry test/test.gc.js
107 silly gunzTarPerm extractEntry test/test.socket.pub-sub.js
108 silly gunzTarPerm extractEntry test/test.exports.js
109 silly gunzTarPerm extractEntry test/test.socket.pub-sub.filter.js
110 silly gunzTarPerm extractEntry test/test.socket.req-rep.multiple.js
111 silly gunzTarPerm extractEntry test/test.socket.multipart.message.js
112 silly gunzTarPerm extractEntry test/test.socket.router.unroutable.js
113 silly gunzTarPerm extractEntry test/test.socket.js
114 silly gunzTarPerm extractEntry test/test.socket.req-rep.js
115 verbose read json /home/nate/tmp/npm-11496/1367073667384-0.1860429288353771/package/package.json
116 silly lockFile d86a783b-67384-0-1860429288353771-package /home/nate/tmp/npm-11496/1367073667384-0.1860429288353771/package
117 silly lockFile d86a783b-67384-0-1860429288353771-package /home/nate/tmp/npm-11496/1367073667384-0.1860429288353771/package
118 silly lockFile 84c2a031-67384-0-1860429288353771-tmp-tgz /home/nate/tmp/npm-11496/1367073667384-0.1860429288353771/tmp.tgz
119 silly lockFile 84c2a031-67384-0-1860429288353771-tmp-tgz /home/nate/tmp/npm-11496/1367073667384-0.1860429288353771/tmp.tgz
120 verbose from cache /home/nate/tmp/npm-11496/1367073667384-0.1860429288353771/package/package.json
121 verbose tar pack [ '/home/nate/.npm/zmq/2.4.0/package.tgz',
121 verbose tar pack   '/home/nate/tmp/npm-11496/1367073667384-0.1860429288353771/package' ]
122 verbose tarball /home/nate/.npm/zmq/2.4.0/package.tgz
123 verbose folder /home/nate/tmp/npm-11496/1367073667384-0.1860429288353771/package
124 silly lockFile d86a783b-67384-0-1860429288353771-package /home/nate/tmp/npm-11496/1367073667384-0.1860429288353771/package
125 verbose lock /home/nate/tmp/npm-11496/1367073667384-0.1860429288353771/package /home/nate/.npm/d86a783b-67384-0-1860429288353771-package.lock
126 silly lockFile a783262b-e-nate-npm-zmq-2-4-0-package-tgz /home/nate/.npm/zmq/2.4.0/package.tgz
127 verbose lock /home/nate/.npm/zmq/2.4.0/package.tgz /home/nate/.npm/a783262b-e-nate-npm-zmq-2-4-0-package-tgz.lock
128 silly lockFile d86a783b-67384-0-1860429288353771-package /home/nate/tmp/npm-11496/1367073667384-0.1860429288353771/package
129 silly lockFile d86a783b-67384-0-1860429288353771-package /home/nate/tmp/npm-11496/1367073667384-0.1860429288353771/package
130 silly lockFile a783262b-e-nate-npm-zmq-2-4-0-package-tgz /home/nate/.npm/zmq/2.4.0/package.tgz
131 silly lockFile a783262b-e-nate-npm-zmq-2-4-0-package-tgz /home/nate/.npm/zmq/2.4.0/package.tgz
132 silly lockFile 48555b0f-home-nate-npm-zmq-2-4-0-package /home/nate/.npm/zmq/2.4.0/package
133 verbose lock /home/nate/.npm/zmq/2.4.0/package /home/nate/.npm/48555b0f-home-nate-npm-zmq-2-4-0-package.lock
134 silly lockFile 48555b0f-home-nate-npm-zmq-2-4-0-package /home/nate/.npm/zmq/2.4.0/package
135 silly lockFile 48555b0f-home-nate-npm-zmq-2-4-0-package /home/nate/.npm/zmq/2.4.0/package
136 verbose tar unpack /home/nate/.npm/zmq/2.4.0/package.tgz
137 silly lockFile 48555b0f-home-nate-npm-zmq-2-4-0-package /home/nate/.npm/zmq/2.4.0/package
138 verbose lock /home/nate/.npm/zmq/2.4.0/package /home/nate/.npm/48555b0f-home-nate-npm-zmq-2-4-0-package.lock
139 silly lockFile a783262b-e-nate-npm-zmq-2-4-0-package-tgz /home/nate/.npm/zmq/2.4.0/package.tgz
140 verbose lock /home/nate/.npm/zmq/2.4.0/package.tgz /home/nate/.npm/a783262b-e-nate-npm-zmq-2-4-0-package-tgz.lock
141 silly gunzTarPerm modes [ '755', '644' ]
142 silly gunzTarPerm extractEntry package.json
143 silly gunzTarPerm extractEntry .npmignore
144 silly gunzTarPerm extractEntry README.md
145 silly gunzTarPerm extractEntry LICENSE
146 silly gunzTarPerm extractEntry index.js
147 silly gunzTarPerm extractEntry History.md
148 silly gunzTarPerm extractEntry binding.cc
149 silly gunzTarPerm extractEntry binding.gyp
150 silly gunzTarPerm extractEntry .travis.yml
151 silly gunzTarPerm extractEntry examples/dealer_router.js
152 silly gunzTarPerm extractEntry examples/pub_sub.js
153 silly gunzTarPerm extractEntry examples/push_pull.js
154 silly gunzTarPerm extractEntry examples/rep_req.js
155 silly gunzTarPerm extractEntry examples/req_rep.js
156 silly gunzTarPerm extractEntry examples/router_dealer.js
157 silly gunzTarPerm extractEntry examples/rpc.js
158 silly gunzTarPerm extractEntry examples/devices/forwarder.js
159 silly gunzTarPerm extractEntry examples/devices/queue.js
160 silly gunzTarPerm extractEntry examples/devices/streamer.js
161 silly gunzTarPerm extractEntry examples/workers/producer.js
162 silly gunzTarPerm extractEntry examples/workers/worker.js
163 silly gunzTarPerm extractEntry windows/include/zmq.h
164 silly gunzTarPerm extractEntry windows/include/zmq_utils.h
165 silly gunzTarPerm extractEntry windows/lib/x64/libzmq-v100-mt-3_2_2.dll
166 silly gunzTarPerm extractEntry windows/lib/x64/libzmq-v100-mt-3_2_2.lib
167 silly gunzTarPerm extractEntry windows/lib/x86/libzmq-v100-mt-3_2_2.dll
168 silly gunzTarPerm extractEntry windows/lib/x86/libzmq-v100-mt-3_2_2.lib
169 silly gunzTarPerm extractEntry lib/index.js
170 silly gunzTarPerm extractEntry Makefile
171 silly gunzTarPerm extractEntry perf/local_lat.js
172 silly gunzTarPerm extractEntry perf/local_thr.js
173 silly gunzTarPerm extractEntry perf/remote_lat.js
174 silly gunzTarPerm extractEntry perf/remote_thr.js
175 silly gunzTarPerm extractEntry test/run.js
176 silly gunzTarPerm extractEntry test/test.socket.events.js
177 silly gunzTarPerm extractEntry test/test.socket.js
178 silly gunzTarPerm extractEntry test/test.socket.messages.js
179 silly gunzTarPerm extractEntry test/test.gc.js
180 silly gunzTarPerm extractEntry test/test.socket.multipart.sndmore.js
181 silly gunzTarPerm extractEntry test/test.socket.pub-sub.filter.js
182 silly gunzTarPerm extractEntry test/test.socket.pub-sub.js
183 silly gunzTarPerm extractEntry test/test.socket.req-rep.js
184 silly gunzTarPerm extractEntry test/test.socket.req-rep.multiple.js
185 silly gunzTarPerm extractEntry test/test.exports.js
186 silly gunzTarPerm extractEntry test/test.socket.router.unroutable.js
187 silly gunzTarPerm extractEntry test/test.socket.multipart.message.js
188 silly gunzTarPerm extractEntry docs/highlight.js
189 silly gunzTarPerm extractEntry docs/menu.js
190 silly gunzTarPerm extractEntry docs/index.html
191 silly gunzTarPerm extractEntry docs/index.json
192 silly gunzTarPerm extractEntry docs/style.css
193 silly gunzTarPerm extractEntry docs/template.jade
194 verbose read json /home/nate/.npm/zmq/2.4.0/package/package.json
195 silly lockFile 48555b0f-home-nate-npm-zmq-2-4-0-package /home/nate/.npm/zmq/2.4.0/package
196 silly lockFile 48555b0f-home-nate-npm-zmq-2-4-0-package /home/nate/.npm/zmq/2.4.0/package
197 silly lockFile a783262b-e-nate-npm-zmq-2-4-0-package-tgz /home/nate/.npm/zmq/2.4.0/package.tgz
198 silly lockFile a783262b-e-nate-npm-zmq-2-4-0-package-tgz /home/nate/.npm/zmq/2.4.0/package.tgz
199 silly shasum updated bytes 65536
200 silly shasum updated bytes 65536
201 silly shasum updated bytes 65536
202 silly shasum updated bytes 65536
203 silly shasum updated bytes 65536
204 silly shasum updated bytes 53190
205 info shasum 7f87f4fb28a7cb927da1ec840f19a52e01372e0b
205 info shasum /home/nate/.npm/zmq/2.4.0/package.tgz
206 verbose from cache /home/nate/.npm/zmq/2.4.0/package/package.json
207 verbose chmod /home/nate/.npm/zmq/2.4.0/package.tgz 644
208 verbose chown /home/nate/.npm/zmq/2.4.0/package.tgz [ 1000, 1000 ]
209 silly lockFile 82481ec6-stry-npmjs-org-zmq-zmq-2-4-0-tgz https://registry.npmjs.org/zmq/-/zmq-2.4.0.tgz
210 silly lockFile 82481ec6-stry-npmjs-org-zmq-zmq-2-4-0-tgz https://registry.npmjs.org/zmq/-/zmq-2.4.0.tgz
211 silly lockFile ec109f17-zmq-2-4-0 zmq@2.4.0
212 silly lockFile ec109f17-zmq-2-4-0 zmq@2.4.0
213 silly lockFile 6227fbd7-zmq zmq@
214 silly lockFile 6227fbd7-zmq zmq@
215 silly resolved [ { name: 'zmq',
215 silly resolved     version: '2.4.0',
215 silly resolved     description: 'Bindings for node.js to zeromq',
215 silly resolved     main: 'index',
215 silly resolved     repository:
215 silly resolved      { type: 'git',
215 silly resolved        url: 'http://github.com/JustinTulloss/zeromq.node.git' },
215 silly resolved     devDependencies: { should: '*', batch: '*', jade: '*', dox: '*', semver: '*' },
215 silly resolved     engines: { node: '>=0.7.9' },
215 silly resolved     scripts: { test: 'make test', install: 'node-gyp rebuild' },
215 silly resolved     keywords:
215 silly resolved      [ 'zeromq',
215 silly resolved        'zmq',
215 silly resolved        '0mq',
215 silly resolved        'ømq',
215 silly resolved        'libzmq',
215 silly resolved        'native',
215 silly resolved        'binding',
215 silly resolved        'addon' ],
215 silly resolved     author:
215 silly resolved      { name: 'Justin Tulloss',
215 silly resolved        email: 'justin.tulloss@gmail.com',
215 silly resolved        url: 'http://justin.harmonize.fm' },
215 silly resolved     contributors:
215 silly resolved      [ [Object],
215 silly resolved        [Object],
215 silly resolved        [Object],
215 silly resolved        [Object],
215 silly resolved        [Object],
215 silly resolved        [Object],
215 silly resolved        [Object],
215 silly resolved        [Object],
215 silly resolved        [Object],
215 silly resolved        [Object],
215 silly resolved        [Object],
215 silly resolved        [Object],
215 silly resolved        [Object],
215 silly resolved        [Object],
215 silly resolved        [Object],
215 silly resolved        [Object],
215 silly resolved        [Object],
215 silly resolved        [Object],
215 silly resolved        [Object],
215 silly resolved        [Object],
215 silly resolved        [Object],
215 silly resolved        [Object],
215 silly resolved        [Object],
215 silly resolved        [Object],
215 silly resolved        [Object] ],
215 silly resolved     gypfile: true,
215 silly resolved     readme: '[![Build Status](https://travis-ci.org/JustinTulloss/zeromq.node.png)](https://travis-ci.org/JustinTulloss/zeromq.node)\n\n# node-zeromq\n\n  [ØMQ](http://www.zeromq.org/) bindings for node.js.\n\n## Installation\n\n[Install zmq package](http://www.zeromq.org/intro:get-the-software) first.\n\n    $ npm install zmq\n\n## Example\n\nproducer.js:\n\n```js\nvar zmq = require(\'zmq\')\n  , sock = zmq.socket(\'push\');\n\nsock.bindSync(\'tcp://127.0.0.1:3000\');\nconsole.log(\'Producer bound to port 3000\');\n\nsetInterval(function(){\n  console.log(\'sending work\');\n  sock.send(\'some work\');\n}, 500);\n```\n\nworker.js:\n\n```js\n\nvar zmq = require(\'zmq\')\n  , sock = zmq.socket(\'pull\');\n\nsock.connect(\'tcp://127.0.0.1:3000\');\nconsole.log(\'Worker connected to port 3000\');\n\nsock.on(\'message\', function(msg){\n  console.log(\'work: %s\', msg.toString());\n});\n```\n\n## Running tests\n\n  Install dev deps:\n\n     $ npm install\n\n  Build:\n\n     $ make\n\n  Test:\n\n     $ make test\n',
215 silly resolved     readmeFilename: 'README.md',
215 silly resolved     _id: 'zmq@2.4.0',
215 silly resolved     dist: { shasum: '7f87f4fb28a7cb927da1ec840f19a52e01372e0b' },
215 silly resolved     _from: 'zmq@',
215 silly resolved     _resolved: 'https://registry.npmjs.org/zmq/-/zmq-2.4.0.tgz' } ]
216 info install zmq@2.4.0 into /home/nate
217 info installOne zmq@2.4.0
218 verbose from cache /home/nate/.npm/zmq/2.4.0/package/package.json
219 info /home/nate/node_modules/zmq unbuild
220 verbose read json /home/nate/node_modules/zmq/package.json
221 verbose tar unpack /home/nate/.npm/zmq/2.4.0/package.tgz
222 silly lockFile 09ce5eae-home-nate-node-modules-zmq /home/nate/node_modules/zmq
223 verbose lock /home/nate/node_modules/zmq /home/nate/.npm/09ce5eae-home-nate-node-modules-zmq.lock
224 silly lockFile a783262b-e-nate-npm-zmq-2-4-0-package-tgz /home/nate/.npm/zmq/2.4.0/package.tgz
225 verbose lock /home/nate/.npm/zmq/2.4.0/package.tgz /home/nate/.npm/a783262b-e-nate-npm-zmq-2-4-0-package-tgz.lock
226 silly gunzTarPerm modes [ '755', '644' ]
227 silly gunzTarPerm extractEntry package.json
228 silly gunzTarPerm extractEntry .npmignore
229 silly gunzTarPerm extractEntry README.md
230 silly gunzTarPerm extractEntry LICENSE
231 silly gunzTarPerm extractEntry index.js
232 silly gunzTarPerm extractEntry History.md
233 silly gunzTarPerm extractEntry binding.cc
234 silly gunzTarPerm extractEntry binding.gyp
235 silly gunzTarPerm extractEntry .travis.yml
236 silly gunzTarPerm extractEntry examples/dealer_router.js
237 silly gunzTarPerm extractEntry examples/pub_sub.js
238 silly gunzTarPerm extractEntry examples/push_pull.js
239 silly gunzTarPerm extractEntry examples/rep_req.js
240 silly gunzTarPerm extractEntry examples/req_rep.js
241 silly gunzTarPerm extractEntry examples/router_dealer.js
242 silly gunzTarPerm extractEntry examples/rpc.js
243 silly gunzTarPerm extractEntry examples/devices/forwarder.js
244 silly gunzTarPerm extractEntry examples/devices/queue.js
245 silly gunzTarPerm extractEntry examples/devices/streamer.js
246 silly gunzTarPerm extractEntry examples/workers/producer.js
247 silly gunzTarPerm extractEntry examples/workers/worker.js
248 silly gunzTarPerm extractEntry windows/include/zmq.h
249 silly gunzTarPerm extractEntry windows/include/zmq_utils.h
250 silly gunzTarPerm extractEntry windows/lib/x64/libzmq-v100-mt-3_2_2.dll
251 silly gunzTarPerm extractEntry windows/lib/x64/libzmq-v100-mt-3_2_2.lib
252 silly gunzTarPerm extractEntry windows/lib/x86/libzmq-v100-mt-3_2_2.dll
253 silly gunzTarPerm extractEntry windows/lib/x86/libzmq-v100-mt-3_2_2.lib
254 silly gunzTarPerm extractEntry lib/index.js
255 silly gunzTarPerm extractEntry Makefile
256 silly gunzTarPerm extractEntry perf/local_lat.js
257 silly gunzTarPerm extractEntry perf/local_thr.js
258 silly gunzTarPerm extractEntry perf/remote_lat.js
259 silly gunzTarPerm extractEntry perf/remote_thr.js
260 silly gunzTarPerm extractEntry test/run.js
261 silly gunzTarPerm extractEntry test/test.socket.events.js
262 silly gunzTarPerm extractEntry test/test.socket.js
263 silly gunzTarPerm extractEntry test/test.socket.messages.js
264 silly gunzTarPerm extractEntry test/test.gc.js
265 silly gunzTarPerm extractEntry test/test.socket.multipart.sndmore.js
266 silly gunzTarPerm extractEntry test/test.socket.pub-sub.filter.js
267 silly gunzTarPerm extractEntry test/test.socket.pub-sub.js
268 silly gunzTarPerm extractEntry test/test.socket.req-rep.js
269 silly gunzTarPerm extractEntry test/test.socket.req-rep.multiple.js
270 silly gunzTarPerm extractEntry test/test.exports.js
271 silly gunzTarPerm extractEntry test/test.socket.router.unroutable.js
272 silly gunzTarPerm extractEntry test/test.socket.multipart.message.js
273 silly gunzTarPerm extractEntry docs/highlight.js
274 silly gunzTarPerm extractEntry docs/menu.js
275 silly gunzTarPerm extractEntry docs/index.html
276 silly gunzTarPerm extractEntry docs/index.json
277 silly gunzTarPerm extractEntry docs/style.css
278 silly gunzTarPerm extractEntry docs/template.jade
279 verbose read json /home/nate/node_modules/zmq/package.json
280 silly lockFile 09ce5eae-home-nate-node-modules-zmq /home/nate/node_modules/zmq
281 silly lockFile 09ce5eae-home-nate-node-modules-zmq /home/nate/node_modules/zmq
282 silly lockFile a783262b-e-nate-npm-zmq-2-4-0-package-tgz /home/nate/.npm/zmq/2.4.0/package.tgz
283 silly lockFile a783262b-e-nate-npm-zmq-2-4-0-package-tgz /home/nate/.npm/zmq/2.4.0/package.tgz
284 info preinstall zmq@2.4.0
285 verbose from cache /home/nate/node_modules/zmq/package.json
286 verbose readDependencies using package.json deps
287 verbose from cache /home/nate/node_modules/zmq/package.json
288 verbose readDependencies using package.json deps
289 silly resolved []
290 verbose about to build /home/nate/node_modules/zmq
291 info build /home/nate/node_modules/zmq
292 verbose from cache /home/nate/node_modules/zmq/package.json
293 verbose linkStuff [ false, false, false, '/home/nate/node_modules' ]
294 info linkStuff zmq@2.4.0
295 verbose linkBins zmq@2.4.0
296 verbose linkMans zmq@2.4.0
297 verbose rebuildBundles zmq@2.4.0
298 info install zmq@2.4.0
299 verbose unsafe-perm in lifecycle false
300 verbose set uid from=0 to=1000
301 silly exec sh "-c" "node-gyp rebuild"
302 silly sh,-c,node-gyp rebuild,/home/nate/node_modules/zmq spawning
303 info zmq@2.4.0 Failed to exec install script
304 info /home/nate/node_modules/zmq unbuild
305 verbose from cache /home/nate/node_modules/zmq/package.json
306 info preuninstall zmq@2.4.0
307 info uninstall zmq@2.4.0
308 verbose true,/home/nate/node_modules,/home/nate/node_modules unbuild zmq@2.4.0
309 info postuninstall zmq@2.4.0
310 error zmq@2.4.0 install: `node-gyp rebuild`
310 error `sh "-c" "node-gyp rebuild"` failed with 1
311 error Failed at the zmq@2.4.0 install script.
311 error This is most likely a problem with the zmq package,
311 error not with npm itself.
311 error Tell the author that this fails on your system:
311 error     node-gyp rebuild
311 error You can get their info via:
311 error     npm owner ls zmq
311 error There is likely additional logging output above.
312 error System Linux 3.8.0-19-generic
313 error command "/usr/bin/node" "/usr/bin/npm" "install" "zmq"
314 error cwd /home/nate/work/mining-pool/libs
315 error node -v v0.10.5
316 error npm -v 1.2.18
317 error code ELIFECYCLE
318 verbose exit [ 1, true ]
